# JRE version: OpenJDK Runtime Environment Temurin-17.0.13+11 (17.0.13+11) (build 17.0.13+11)
# Java VM: OpenJDK 64-Bit Server VM Temurin-17.0.13+11 (17.0.13+11, mixed mode, tiered, compressed oops, compressed class ptrs, parallel gc, windows-amd64)
GC Precious Log:
 CPUs: 4 total, 4 available
 Memory: 7971M
 Large Page Support: Disabled
 NUMA Support: Disabled
 Compressed Oops: Enabled (32-bit)
 Alignments: Space 512K, Generation 512K, Heap 2M
 Heap Min Capacity: 100M
 Heap Initial Capacity: 100M
 Heap Max Capacity: 1G
 Pre-touch: Disabled
 Parallel Workers: 4
Heap:
 PSYoungGen      total 26112K, used 21089K [0x00000000eab00000, 0x00000000ed000000, 0x0000000100000000)
  eden space 15872K, 68% used [0x00000000eab00000,0x00000000eb59e978,0x00000000eba80000)
  from space 10240K, 99% used [0x00000000ec500000,0x00000000ecef9c60,0x00000000ecf00000)
  to   space 10752K, 0% used [0x00000000eba80000,0x00000000eba80000,0x00000000ec500000)
 ParOldGen       total 280064K, used 236492K [0x00000000c0000000, 0x00000000d1180000, 0x00000000eab00000)
  object space 280064K, 84% used [0x00000000c0000000,0x00000000ce6f32f8,0x00000000d1180000)
 Metaspace       used 79175K, committed 80704K, reserved 1179648K
  class space    used 8390K, committed 9088K, reserved 1048576K
GC Heap History (20 events):
Event: 73.201 GC heap before
{Heap before GC invocations=388 (full 17):
 PSYoungGen      total 23552K, used 23552K [0x00000000eab00000, 0x00000000ec680000, 0x0000000100000000)
  eden space 21504K, 100% used [0x00000000eab00000,0x00000000ec000000,0x00000000ec000000)
  from space 2048K, 100% used [0x00000000ec480000,0x00000000ec680000,0x00000000ec680000)
  to   space 3072K, 0% used [0x00000000ec080000,0x00000000ec080000,0x00000000ec380000)
 ParOldGen       total 264704K, used 251525K [0x00000000c0000000, 0x00000000d0280000, 0x00000000eab00000)
  object space 264704K, 95% used [0x00000000c0000000,0x00000000cf5a1558,0x00000000d0280000)
 Metaspace       used 72567K, committed 73984K, reserved 1179648K
  class space    used 7562K, committed 8192K, reserved 1048576K
}
Event: 73.210 GC heap after
{Heap after GC invocations=388 (full 17):
 PSYoungGen      total 24576K, used 3058K [0x00000000eab00000, 0x00000000ee200000, 0x0000000100000000)
  eden space 21504K, 0% used [0x00000000eab00000,0x00000000eab00000,0x00000000ec000000)
  from space 3072K, 99% used [0x00000000ec080000,0x00000000ec37cad0,0x00000000ec380000)
  to   space 17408K, 0% used [0x00000000ed100000,0x00000000ed100000,0x00000000ee200000)
 ParOldGen       total 264704K, used 263345K [0x00000000c0000000, 0x00000000d0280000, 0x00000000eab00000)
  object space 264704K, 99% used [0x00000000c0000000,0x00000000d012c780,0x00000000d0280000)
 Metaspace       used 72567K, committed 73984K, reserved 1179648K
  class space    used 7562K, committed 8192K, reserved 1048576K
}
Event: 73.514 GC heap before
{Heap before GC invocations=389 (full 18):
 PSYoungGen      total 24576K, used 24562K [0x00000000eab00000, 0x00000000ee200000, 0x0000000100000000)
  eden space 21504K, 100% used [0x00000000eab00000,0x00000000ec000000,0x00000000ec000000)
  from space 3072K, 99% used [0x00000000ec080000,0x00000000ec37cad0,0x00000000ec380000)
  to   space 17408K, 0% used [0x00000000ed100000,0x00000000ed100000,0x00000000ee200000)
 ParOldGen       total 264704K, used 263345K [0x00000000c0000000, 0x00000000d0280000, 0x00000000eab00000)
  object space 264704K, 99% used [0x00000000c0000000,0x00000000d012c780,0x00000000d0280000)
 Metaspace       used 72580K, committed 73984K, reserved 1179648K
  class space    used 7563K, committed 8192K, reserved 1048576K
}
Event: 73.648 GC heap after
{Heap after GC invocations=389 (full 18):
 PSYoungGen      total 38912K, used 0K [0x00000000eab00000, 0x00000000ee200000, 0x0000000100000000)
  eden space 21504K, 0% used [0x00000000eab00000,0x00000000eab00000,0x00000000ec000000)
  from space 17408K, 0% used [0x00000000ed100000,0x00000000ed100000,0x00000000ee200000)
  to   space 17408K, 0% used [0x00000000ec000000,0x00000000ec000000,0x00000000ed100000)
 ParOldGen       total 280064K, used 233074K [0x00000000c0000000, 0x00000000d1180000, 0x00000000eab00000)
  object space 280064K, 83% used [0x00000000c0000000,0x00000000ce39c968,0x00000000d1180000)
 Metaspace       used 72580K, committed 73984K, reserved 1179648K
  class space    used 7563K, committed 8192K, reserved 1048576K
}
Event: 74.749 GC heap before
{Heap before GC invocations=390 (full 18):
 PSYoungGen      total 38912K, used 21504K [0x00000000eab00000, 0x00000000ee200000, 0x0000000100000000)
  eden space 21504K, 100% used [0x00000000eab00000,0x00000000ec000000,0x00000000ec000000)
  from space 17408K, 0% used [0x00000000ed100000,0x00000000ed100000,0x00000000ee200000)
  to   space 17408K, 0% used [0x00000000ec000000,0x00000000ec000000,0x00000000ed100000)
 ParOldGen       total 280064K, used 233074K [0x00000000c0000000, 0x00000000d1180000, 0x00000000eab00000)
  object space 280064K, 83% used [0x00000000c0000000,0x00000000ce39c968,0x00000000d1180000)
 Metaspace       used 72594K, committed 74048K, reserved 1179648K
  class space    used 7563K, committed 8192K, reserved 1048576K
}
Event: 74.754 GC heap after
{Heap after GC invocations=390 (full 18):
 PSYoungGen      total 29696K, used 7733K [0x00000000eab00000, 0x00000000ed500000, 0x0000000100000000)
  eden space 21504K, 0% used [0x00000000eab00000,0x00000000eab00000,0x00000000ec000000)
  from space 8192K, 94% used [0x00000000ec000000,0x00000000ec78d540,0x00000000ec800000)
  to   space 10752K, 0% used [0x00000000eca80000,0x00000000eca80000,0x00000000ed500000)
 ParOldGen       total 280064K, used 233082K [0x00000000c0000000, 0x00000000d1180000, 0x00000000eab00000)
  object space 280064K, 83% used [0x00000000c0000000,0x00000000ce39e968,0x00000000d1180000)
 Metaspace       used 72594K, committed 74048K, reserved 1179648K
  class space    used 7563K, committed 8192K, reserved 1048576K
}
Event: 75.037 GC heap before
{Heap before GC invocations=391 (full 18):
 PSYoungGen      total 29696K, used 29234K [0x00000000eab00000, 0x00000000ed500000, 0x0000000100000000)
  eden space 21504K, 99% used [0x00000000eab00000,0x00000000ebfff518,0x00000000ec000000)
  from space 8192K, 94% used [0x00000000ec000000,0x00000000ec78d540,0x00000000ec800000)
  to   space 10752K, 0% used [0x00000000eca80000,0x00000000eca80000,0x00000000ed500000)
 ParOldGen       total 280064K, used 233082K [0x00000000c0000000, 0x00000000d1180000, 0x00000000eab00000)
  object space 280064K, 83% used [0x00000000c0000000,0x00000000ce39e968,0x00000000d1180000)
 Metaspace       used 73021K, committed 74496K, reserved 1179648K
  class space    used 7601K, committed 8256K, reserved 1048576K
}
Event: 75.046 GC heap after
{Heap after GC invocations=391 (full 18):
 PSYoungGen      total 27648K, used 10730K [0x00000000eab00000, 0x00000000ede00000, 0x0000000100000000)
  eden space 16896K, 0% used [0x00000000eab00000,0x00000000eab00000,0x00000000ebb80000)
  from space 10752K, 99% used [0x00000000eca80000,0x00000000ed4faa40,0x00000000ed500000)
  to   space 15360K, 0% used [0x00000000ebb80000,0x00000000ebb80000,0x00000000eca80000)
 ParOldGen       total 280064K, used 236116K [0x00000000c0000000, 0x00000000d1180000, 0x00000000eab00000)
  object space 280064K, 84% used [0x00000000c0000000,0x00000000ce6952f8,0x00000000d1180000)
 Metaspace       used 73021K, committed 74496K, reserved 1179648K
  class space    used 7601K, committed 8256K, reserved 1048576K
}
Event: 249.894 GC heap before
{Heap before GC invocations=392 (full 18):
 PSYoungGen      total 27648K, used 27626K [0x00000000eab00000, 0x00000000ede00000, 0x0000000100000000)
  eden space 16896K, 100% used [0x00000000eab00000,0x00000000ebb80000,0x00000000ebb80000)
  from space 10752K, 99% used [0x00000000eca80000,0x00000000ed4faa40,0x00000000ed500000)
  to   space 15360K, 0% used [0x00000000ebb80000,0x00000000ebb80000,0x00000000eca80000)
 ParOldGen       total 280064K, used 236116K [0x00000000c0000000, 0x00000000d1180000, 0x00000000eab00000)
  object space 280064K, 84% used [0x00000000c0000000,0x00000000ce6952f8,0x00000000d1180000)
 Metaspace       used 73688K, committed 75136K, reserved 1179648K
  class space    used 7684K, committed 8320K, reserved 1048576K
}
Event: 250.079 GC heap after
{Heap after GC invocations=392 (full 18):
 PSYoungGen      total 26624K, used 9260K [0x00000000eab00000, 0x00000000ed180000, 0x0000000100000000)
  eden space 16896K, 0% used [0x00000000eab00000,0x00000000eab00000,0x00000000ebb80000)
  from space 9728K, 95% used [0x00000000ebb80000,0x00000000ec48b380,0x00000000ec500000)
  to   space 11264K, 0% used [0x00000000ec680000,0x00000000ec680000,0x00000000ed180000)
 ParOldGen       total 280064K, used 236124K [0x00000000c0000000, 0x00000000d1180000, 0x00000000eab00000)
  object space 280064K, 84% used [0x00000000c0000000,0x00000000ce6972f8,0x00000000d1180000)
 Metaspace       used 73688K, committed 75136K, reserved 1179648K
  class space    used 7684K, committed 8320K, reserved 1048576K
}
Event: 251.139 GC heap before
{Heap before GC invocations=393 (full 18):
 PSYoungGen      total 26624K, used 26156K [0x00000000eab00000, 0x00000000ed180000, 0x0000000100000000)
  eden space 16896K, 100% used [0x00000000eab00000,0x00000000ebb80000,0x00000000ebb80000)
  from space 9728K, 95% used [0x00000000ebb80000,0x00000000ec48b380,0x00000000ec500000)
  to   space 11264K, 0% used [0x00000000ec680000,0x00000000ec680000,0x00000000ed180000)
 ParOldGen       total 280064K, used 236124K [0x00000000c0000000, 0x00000000d1180000, 0x00000000eab00000)
  object space 280064K, 84% used [0x00000000c0000000,0x00000000ce6972f8,0x00000000d1180000)
 Metaspace       used 74703K, committed 76288K, reserved 1179648K
  class space    used 7781K, committed 8512K, reserved 1048576K
}
Event: 251.153 GC heap after
{Heap after GC invocations=393 (full 18):
 PSYoungGen      total 26624K, used 9233K [0x00000000eab00000, 0x00000000ed000000, 0x0000000100000000)
  eden space 16896K, 0% used [0x00000000eab00000,0x00000000eab00000,0x00000000ebb80000)
  from space 9728K, 94% used [0x00000000ec680000,0x00000000ecf847e0,0x00000000ed000000)
  to   space 9728K, 0% used [0x00000000ebb80000,0x00000000ebb80000,0x00000000ec500000)
 ParOldGen       total 280064K, used 236124K [0x00000000c0000000, 0x00000000d1180000, 0x00000000eab00000)
  object space 280064K, 84% used [0x00000000c0000000,0x00000000ce6972f8,0x00000000d1180000)
 Metaspace       used 74703K, committed 76288K, reserved 1179648K
  class space    used 7781K, committed 8512K, reserved 1048576K
}
Event: 251.480 GC heap before
{Heap before GC invocations=394 (full 18):
 PSYoungGen      total 26624K, used 26129K [0x00000000eab00000, 0x00000000ed000000, 0x0000000100000000)
  eden space 16896K, 100% used [0x00000000eab00000,0x00000000ebb80000,0x00000000ebb80000)
  from space 9728K, 94% used [0x00000000ec680000,0x00000000ecf847e0,0x00000000ed000000)
  to   space 9728K, 0% used [0x00000000ebb80000,0x00000000ebb80000,0x00000000ec500000)
 ParOldGen       total 280064K, used 236124K [0x00000000c0000000, 0x00000000d1180000, 0x00000000eab00000)
  object space 280064K, 84% used [0x00000000c0000000,0x00000000ce6972f8,0x00000000d1180000)
 Metaspace       used 76411K, committed 77952K, reserved 1179648K
  class space    used 8063K, committed 8768K, reserved 1048576K
}
Event: 251.489 GC heap after
{Heap after GC invocations=394 (full 18):
 PSYoungGen      total 26624K, used 9500K [0x00000000eab00000, 0x00000000ece80000, 0x0000000100000000)
  eden space 16896K, 0% used [0x00000000eab00000,0x00000000eab00000,0x00000000ebb80000)
  from space 9728K, 97% used [0x00000000ebb80000,0x00000000ec4c7258,0x00000000ec500000)
  to   space 9728K, 0% used [0x00000000ec500000,0x00000000ec500000,0x00000000ece80000)
 ParOldGen       total 280064K, used 236124K [0x00000000c0000000, 0x00000000d1180000, 0x00000000eab00000)
  object space 280064K, 84% used [0x00000000c0000000,0x00000000ce6972f8,0x00000000d1180000)
 Metaspace       used 76411K, committed 77952K, reserved 1179648K
  class space    used 8063K, committed 8768K, reserved 1048576K
}
Event: 265.368 GC heap before
{Heap before GC invocations=395 (full 18):
 PSYoungGen      total 26624K, used 26396K [0x00000000eab00000, 0x00000000ece80000, 0x0000000100000000)
  eden space 16896K, 100% used [0x00000000eab00000,0x00000000ebb80000,0x00000000ebb80000)
  from space 9728K, 97% used [0x00000000ebb80000,0x00000000ec4c7258,0x00000000ec500000)
  to   space 9728K, 0% used [0x00000000ec500000,0x00000000ec500000,0x00000000ece80000)
 ParOldGen       total 280064K, used 236124K [0x00000000c0000000, 0x00000000d1180000, 0x00000000eab00000)
  object space 280064K, 84% used [0x00000000c0000000,0x00000000ce6972f8,0x00000000d1180000)
 Metaspace       used 77525K, committed 79040K, reserved 1179648K
  class space    used 8204K, committed 8896K, reserved 1048576K
}
Event: 265.382 GC heap after
{Heap after GC invocations=395 (full 18):
 PSYoungGen      total 26112K, used 9712K [0x00000000eab00000, 0x00000000ecf80000, 0x0000000100000000)
  eden space 16384K, 0% used [0x00000000eab00000,0x00000000eab00000,0x00000000ebb00000)
  from space 9728K, 99% used [0x00000000ec500000,0x00000000ece7c350,0x00000000ece80000)
  to   space 10240K, 0% used [0x00000000ebb00000,0x00000000ebb00000,0x00000000ec500000)
 ParOldGen       total 280064K, used 236260K [0x00000000c0000000, 0x00000000d1180000, 0x00000000eab00000)
  object space 280064K, 84% used [0x00000000c0000000,0x00000000ce6b92f8,0x00000000d1180000)
 Metaspace       used 77525K, committed 79040K, reserved 1179648K
  class space    used 8204K, committed 8896K, reserved 1048576K
}
Event: 265.952 GC heap before
{Heap before GC invocations=396 (full 18):
 PSYoungGen      total 26112K, used 26096K [0x00000000eab00000, 0x00000000ecf80000, 0x0000000100000000)
  eden space 16384K, 100% used [0x00000000eab00000,0x00000000ebb00000,0x00000000ebb00000)
  from space 9728K, 99% used [0x00000000ec500000,0x00000000ece7c350,0x00000000ece80000)
  to   space 10240K, 0% used [0x00000000ebb00000,0x00000000ebb00000,0x00000000ec500000)
 ParOldGen       total 280064K, used 236260K [0x00000000c0000000, 0x00000000d1180000, 0x00000000eab00000)
  object space 280064K, 84% used [0x00000000c0000000,0x00000000ce6b92f8,0x00000000d1180000)
 Metaspace       used 77969K, committed 79424K, reserved 1179648K
  class space    used 8244K, committed 8896K, reserved 1048576K
}
Event: 265.961 GC heap after
{Heap after GC invocations=396 (full 18):
 PSYoungGen      total 26624K, used 9918K [0x00000000eab00000, 0x00000000ecf00000, 0x0000000100000000)
  eden space 16384K, 0% used [0x00000000eab00000,0x00000000eab00000,0x00000000ebb00000)
  from space 10240K, 96% used [0x00000000ebb00000,0x00000000ec4afa00,0x00000000ec500000)
  to   space 10240K, 0% used [0x00000000ec500000,0x00000000ec500000,0x00000000ecf00000)
 ParOldGen       total 280064K, used 236268K [0x00000000c0000000, 0x00000000d1180000, 0x00000000eab00000)
  object space 280064K, 84% used [0x00000000c0000000,0x00000000ce6bb2f8,0x00000000d1180000)
 Metaspace       used 77969K, committed 79424K, reserved 1179648K
  class space    used 8244K, committed 8896K, reserved 1048576K
}
Event: 266.248 GC heap before
{Heap before GC invocations=397 (full 18):
 PSYoungGen      total 26624K, used 26302K [0x00000000eab00000, 0x00000000ecf00000, 0x0000000100000000)
  eden space 16384K, 100% used [0x00000000eab00000,0x00000000ebb00000,0x00000000ebb00000)
  from space 10240K, 96% used [0x00000000ebb00000,0x00000000ec4afa00,0x00000000ec500000)
  to   space 10240K, 0% used [0x00000000ec500000,0x00000000ec500000,0x00000000ecf00000)
 ParOldGen       total 280064K, used 236268K [0x00000000c0000000, 0x00000000d1180000, 0x00000000eab00000)
  object space 280064K, 84% used [0x00000000c0000000,0x00000000ce6bb2f8,0x00000000d1180000)
 Metaspace       used 78354K, committed 79808K, reserved 1179648K
  class space    used 8286K, committed 8960K, reserved 1048576K
}
Event: 266.254 GC heap after
{Heap after GC invocations=397 (full 18):
 PSYoungGen      total 26112K, used 10215K [0x00000000eab00000, 0x00000000ed000000, 0x0000000100000000)
  eden space 15872K, 0% used [0x00000000eab00000,0x00000000eab00000,0x00000000eba80000)
  from space 10240K, 99% used [0x00000000ec500000,0x00000000ecef9c60,0x00000000ecf00000)
  to   space 10752K, 0% used [0x00000000eba80000,0x00000000eba80000,0x00000000ec500000)
 ParOldGen       total 280064K, used 236492K [0x00000000c0000000, 0x00000000d1180000, 0x00000000eab00000)
  object space 280064K, 84% used [0x00000000c0000000,0x00000000ce6f32f8,0x00000000d1180000)
 Metaspace       used 78354K, committed 79808K, reserved 1179648K
  class space    used 8286K, committed 8960K, reserved 1048576K
}

