# JRE version: OpenJDK Runtime Environment Temurin-17.0.13+11 (17.0.13+11) (build 17.0.13+11)
# Java VM: OpenJDK 64-Bit Server VM Temurin-17.0.13+11 (17.0.13+11, mixed mode, tiered, compressed oops, compressed class ptrs, parallel gc, windows-amd64)
GC Precious Log:
 CPUs: 4 total, 4 available
 Memory: 7971M
 Large Page Support: Disabled
 NUMA Support: Disabled
 Compressed Oops: Enabled (32-bit)
 Alignments: Space 512K, Generation 512K, Heap 2M
 Heap Min Capacity: 100M
 Heap Initial Capacity: 100M
 Heap Max Capacity: 1G
 Pre-touch: Disabled
 Parallel Workers: 4
Heap:
 PSYoungGen      total 23552K, used 13825K [0x00000000eab00000, 0x00000000ec400000, 0x0000000100000000)
  eden space 22016K, 56% used [0x00000000eab00000,0x00000000eb716240,0x00000000ec080000)
  from space 1536K, 94% used [0x00000000ec100000,0x00000000ec26a230,0x00000000ec280000)
  to   space 1536K, 0% used [0x00000000ec280000,0x00000000ec280000,0x00000000ec400000)
 ParOldGen       total 68608K, used 20545K [0x00000000c0000000, 0x00000000c4300000, 0x00000000eab00000)
  object space 68608K, 29% used [0x00000000c0000000,0x00000000c1410710,0x00000000c4300000)
 Metaspace       used 48173K, committed 49280K, reserved 1114112K
  class space    used 5048K, committed 5568K, reserved 1048576K
GC Heap History (20 events):
Event: 8.308 GC heap before
{Heap before GC invocations=10 (full 1):
 PSYoungGen      total 25600K, used 25569K [0x00000000eab00000, 0x00000000ece80000, 0x0000000100000000)
  eden space 23040K, 100% used [0x00000000eab00000,0x00000000ec180000,0x00000000ec180000)
  from space 2560K, 98% used [0x00000000ec780000,0x00000000ec9f8758,0x00000000eca00000)
  to   space 6144K, 0% used [0x00000000ec180000,0x00000000ec180000,0x00000000ec780000)
 ParOldGen       total 68608K, used 13381K [0x00000000c0000000, 0x00000000c4300000, 0x00000000eab00000)
  object space 68608K, 19% used [0x00000000c0000000,0x00000000c0d114b0,0x00000000c4300000)
 Metaspace       used 33101K, committed 33984K, reserved 1114112K
  class space    used 3301K, committed 3712K, reserved 1048576K
}
Event: 8.310 GC heap after
{Heap after GC invocations=10 (full 1):
 PSYoungGen      total 26112K, used 3573K [0x00000000eab00000, 0x00000000eca00000, 0x0000000100000000)
  eden space 22528K, 0% used [0x00000000eab00000,0x00000000eab00000,0x00000000ec100000)
  from space 3584K, 99% used [0x00000000ec180000,0x00000000ec4fd510,0x00000000ec500000)
  to   space 4608K, 0% used [0x00000000ec580000,0x00000000ec580000,0x00000000eca00000)
 ParOldGen       total 68608K, used 14300K [0x00000000c0000000, 0x00000000c4300000, 0x00000000eab00000)
  object space 68608K, 20% used [0x00000000c0000000,0x00000000c0df71f0,0x00000000c4300000)
 Metaspace       used 33101K, committed 33984K, reserved 1114112K
  class space    used 3301K, committed 3712K, reserved 1048576K
}
Event: 8.564 GC heap before
{Heap before GC invocations=11 (full 1):
 PSYoungGen      total 26112K, used 26101K [0x00000000eab00000, 0x00000000eca00000, 0x0000000100000000)
  eden space 22528K, 100% used [0x00000000eab00000,0x00000000ec100000,0x00000000ec100000)
  from space 3584K, 99% used [0x00000000ec180000,0x00000000ec4fd510,0x00000000ec500000)
  to   space 4608K, 0% used [0x00000000ec580000,0x00000000ec580000,0x00000000eca00000)
 ParOldGen       total 68608K, used 14300K [0x00000000c0000000, 0x00000000c4300000, 0x00000000eab00000)
  object space 68608K, 20% used [0x00000000c0000000,0x00000000c0df71f0,0x00000000c4300000)
 Metaspace       used 34388K, committed 35264K, reserved 1114112K
  class space    used 3383K, committed 3776K, reserved 1048576K
}
Event: 8.569 GC heap after
{Heap after GC invocations=11 (full 1):
 PSYoungGen      total 25600K, used 3149K [0x00000000eab00000, 0x00000000ec900000, 0x0000000100000000)
  eden space 22016K, 0% used [0x00000000eab00000,0x00000000eab00000,0x00000000ec080000)
  from space 3584K, 87% used [0x00000000ec580000,0x00000000ec893780,0x00000000ec900000)
  to   space 3584K, 0% used [0x00000000ec200000,0x00000000ec200000,0x00000000ec580000)
 ParOldGen       total 68608K, used 15929K [0x00000000c0000000, 0x00000000c4300000, 0x00000000eab00000)
  object space 68608K, 23% used [0x00000000c0000000,0x00000000c0f8e620,0x00000000c4300000)
 Metaspace       used 34388K, committed 35264K, reserved 1114112K
  class space    used 3383K, committed 3776K, reserved 1048576K
}
Event: 8.681 GC heap before
{Heap before GC invocations=12 (full 1):
 PSYoungGen      total 25600K, used 8432K [0x00000000eab00000, 0x00000000ec900000, 0x0000000100000000)
  eden space 22016K, 23% used [0x00000000eab00000,0x00000000eb028a48,0x00000000ec080000)
  from space 3584K, 87% used [0x00000000ec580000,0x00000000ec893780,0x00000000ec900000)
  to   space 3584K, 0% used [0x00000000ec200000,0x00000000ec200000,0x00000000ec580000)
 ParOldGen       total 68608K, used 15929K [0x00000000c0000000, 0x00000000c4300000, 0x00000000eab00000)
  object space 68608K, 23% used [0x00000000c0000000,0x00000000c0f8e620,0x00000000c4300000)
 Metaspace       used 34980K, committed 35840K, reserved 1114112K
  class space    used 3460K, committed 3904K, reserved 1048576K
}
Event: 8.686 GC heap after
{Heap after GC invocations=12 (full 1):
 PSYoungGen      total 22528K, used 224K [0x00000000eab00000, 0x00000000ec600000, 0x0000000100000000)
  eden space 22016K, 0% used [0x00000000eab00000,0x00000000eab00000,0x00000000ec080000)
  from space 512K, 43% used [0x00000000ec200000,0x00000000ec238000,0x00000000ec280000)
  to   space 1536K, 0% used [0x00000000ec480000,0x00000000ec480000,0x00000000ec600000)
 ParOldGen       total 68608K, used 18544K [0x00000000c0000000, 0x00000000c4300000, 0x00000000eab00000)
  object space 68608K, 27% used [0x00000000c0000000,0x00000000c121c120,0x00000000c4300000)
 Metaspace       used 34980K, committed 35840K, reserved 1114112K
  class space    used 3460K, committed 3904K, reserved 1048576K
}
Event: 8.686 GC heap before
{Heap before GC invocations=13 (full 2):
 PSYoungGen      total 22528K, used 224K [0x00000000eab00000, 0x00000000ec600000, 0x0000000100000000)
  eden space 22016K, 0% used [0x00000000eab00000,0x00000000eab00000,0x00000000ec080000)
  from space 512K, 43% used [0x00000000ec200000,0x00000000ec238000,0x00000000ec280000)
  to   space 1536K, 0% used [0x00000000ec480000,0x00000000ec480000,0x00000000ec600000)
 ParOldGen       total 68608K, used 18544K [0x00000000c0000000, 0x00000000c4300000, 0x00000000eab00000)
  object space 68608K, 27% used [0x00000000c0000000,0x00000000c121c120,0x00000000c4300000)
 Metaspace       used 34980K, committed 35840K, reserved 1114112K
  class space    used 3460K, committed 3904K, reserved 1048576K
}
Event: 8.723 GC heap after
{Heap after GC invocations=13 (full 2):
 PSYoungGen      total 22528K, used 0K [0x00000000eab00000, 0x00000000ec600000, 0x0000000100000000)
  eden space 22016K, 0% used [0x00000000eab00000,0x00000000eab00000,0x00000000ec080000)
  from space 512K, 0% used [0x00000000ec200000,0x00000000ec200000,0x00000000ec280000)
  to   space 1536K, 0% used [0x00000000ec480000,0x00000000ec480000,0x00000000ec600000)
 ParOldGen       total 68608K, used 14937K [0x00000000c0000000, 0x00000000c4300000, 0x00000000eab00000)
  object space 68608K, 21% used [0x00000000c0000000,0x00000000c0e96618,0x00000000c4300000)
 Metaspace       used 34967K, committed 35840K, reserved 1114112K
  class space    used 3457K, committed 3904K, reserved 1048576K
}
Event: 9.296 GC heap before
{Heap before GC invocations=14 (full 2):
 PSYoungGen      total 22528K, used 22016K [0x00000000eab00000, 0x00000000ec600000, 0x0000000100000000)
  eden space 22016K, 100% used [0x00000000eab00000,0x00000000ec080000,0x00000000ec080000)
  from space 512K, 0% used [0x00000000ec200000,0x00000000ec200000,0x00000000ec280000)
  to   space 1536K, 0% used [0x00000000ec480000,0x00000000ec480000,0x00000000ec600000)
 ParOldGen       total 68608K, used 14937K [0x00000000c0000000, 0x00000000c4300000, 0x00000000eab00000)
  object space 68608K, 21% used [0x00000000c0000000,0x00000000c0e96618,0x00000000c4300000)
 Metaspace       used 38114K, committed 38976K, reserved 1114112K
  class space    used 3824K, committed 4224K, reserved 1048576K
}
Event: 9.298 GC heap after
{Heap after GC invocations=14 (full 2):
 PSYoungGen      total 23552K, used 1080K [0x00000000eab00000, 0x00000000ec600000, 0x0000000100000000)
  eden space 22016K, 0% used [0x00000000eab00000,0x00000000eab00000,0x00000000ec080000)
  from space 1536K, 70% used [0x00000000ec480000,0x00000000ec58e030,0x00000000ec600000)
  to   space 1536K, 0% used [0x00000000ec300000,0x00000000ec300000,0x00000000ec480000)
 ParOldGen       total 68608K, used 14945K [0x00000000c0000000, 0x00000000c4300000, 0x00000000eab00000)
  object space 68608K, 21% used [0x00000000c0000000,0x00000000c0e98618,0x00000000c4300000)
 Metaspace       used 38114K, committed 38976K, reserved 1114112K
  class space    used 3824K, committed 4224K, reserved 1048576K
}
Event: 10.601 GC heap before
{Heap before GC invocations=15 (full 2):
 PSYoungGen      total 23552K, used 23096K [0x00000000eab00000, 0x00000000ec600000, 0x0000000100000000)
  eden space 22016K, 100% used [0x00000000eab00000,0x00000000ec080000,0x00000000ec080000)
  from space 1536K, 70% used [0x00000000ec480000,0x00000000ec58e030,0x00000000ec600000)
  to   space 1536K, 0% used [0x00000000ec300000,0x00000000ec300000,0x00000000ec480000)
 ParOldGen       total 68608K, used 14945K [0x00000000c0000000, 0x00000000c4300000, 0x00000000eab00000)
  object space 68608K, 21% used [0x00000000c0000000,0x00000000c0e98618,0x00000000c4300000)
 Metaspace       used 40374K, committed 41280K, reserved 1114112K
  class space    used 4118K, committed 4544K, reserved 1048576K
}
Event: 10.606 GC heap after
{Heap after GC invocations=15 (full 2):
 PSYoungGen      total 23552K, used 1316K [0x00000000eab00000, 0x00000000ec500000, 0x0000000100000000)
  eden space 22016K, 0% used [0x00000000eab00000,0x00000000eab00000,0x00000000ec080000)
  from space 1536K, 85% used [0x00000000ec300000,0x00000000ec4493f8,0x00000000ec480000)
  to   space 512K, 0% used [0x00000000ec480000,0x00000000ec480000,0x00000000ec500000)
 ParOldGen       total 68608K, used 15930K [0x00000000c0000000, 0x00000000c4300000, 0x00000000eab00000)
  object space 68608K, 23% used [0x00000000c0000000,0x00000000c0f8ea60,0x00000000c4300000)
 Metaspace       used 40374K, committed 41280K, reserved 1114112K
  class space    used 4118K, committed 4544K, reserved 1048576K
}
Event: 11.549 GC heap before
{Heap before GC invocations=16 (full 2):
 PSYoungGen      total 23552K, used 23332K [0x00000000eab00000, 0x00000000ec500000, 0x0000000100000000)
  eden space 22016K, 100% used [0x00000000eab00000,0x00000000ec080000,0x00000000ec080000)
  from space 1536K, 85% used [0x00000000ec300000,0x00000000ec4493f8,0x00000000ec480000)
  to   space 512K, 0% used [0x00000000ec480000,0x00000000ec480000,0x00000000ec500000)
 ParOldGen       total 68608K, used 15930K [0x00000000c0000000, 0x00000000c4300000, 0x00000000eab00000)
  object space 68608K, 23% used [0x00000000c0000000,0x00000000c0f8ea60,0x00000000c4300000)
 Metaspace       used 42098K, committed 43200K, reserved 1114112K
  class space    used 4310K, committed 4800K, reserved 1048576K
}
Event: 11.553 GC heap after
{Heap after GC invocations=16 (full 2):
 PSYoungGen      total 22528K, used 512K [0x00000000eab00000, 0x00000000ec500000, 0x0000000100000000)
  eden space 22016K, 0% used [0x00000000eab00000,0x00000000eab00000,0x00000000ec080000)
  from space 512K, 100% used [0x00000000ec480000,0x00000000ec500000,0x00000000ec500000)
  to   space 2048K, 0% used [0x00000000ec100000,0x00000000ec100000,0x00000000ec300000)
 ParOldGen       total 68608K, used 17320K [0x00000000c0000000, 0x00000000c4300000, 0x00000000eab00000)
  object space 68608K, 25% used [0x00000000c0000000,0x00000000c10ea398,0x00000000c4300000)
 Metaspace       used 42098K, committed 43200K, reserved 1114112K
  class space    used 4310K, committed 4800K, reserved 1048576K
}
Event: 12.576 GC heap before
{Heap before GC invocations=17 (full 2):
 PSYoungGen      total 22528K, used 22528K [0x00000000eab00000, 0x00000000ec500000, 0x0000000100000000)
  eden space 22016K, 100% used [0x00000000eab00000,0x00000000ec080000,0x00000000ec080000)
  from space 512K, 100% used [0x00000000ec480000,0x00000000ec500000,0x00000000ec500000)
  to   space 2048K, 0% used [0x00000000ec100000,0x00000000ec100000,0x00000000ec300000)
 ParOldGen       total 68608K, used 17320K [0x00000000c0000000, 0x00000000c4300000, 0x00000000eab00000)
  object space 68608K, 25% used [0x00000000c0000000,0x00000000c10ea398,0x00000000c4300000)
 Metaspace       used 44372K, committed 45376K, reserved 1114112K
  class space    used 4590K, committed 5056K, reserved 1048576K
}
Event: 12.579 GC heap after
{Heap after GC invocations=17 (full 2):
 PSYoungGen      total 24064K, used 736K [0x00000000eab00000, 0x00000000ec500000, 0x0000000100000000)
  eden space 22016K, 0% used [0x00000000eab00000,0x00000000eab00000,0x00000000ec080000)
  from space 2048K, 35% used [0x00000000ec100000,0x00000000ec1b8000,0x00000000ec300000)
  to   space 1536K, 0% used [0x00000000ec380000,0x00000000ec380000,0x00000000ec500000)
 ParOldGen       total 68608K, used 17810K [0x00000000c0000000, 0x00000000c4300000, 0x00000000eab00000)
  object space 68608K, 25% used [0x00000000c0000000,0x00000000c11648a0,0x00000000c4300000)
 Metaspace       used 44372K, committed 45376K, reserved 1114112K
  class space    used 4590K, committed 5056K, reserved 1048576K
}
Event: 13.004 GC heap before
{Heap before GC invocations=18 (full 2):
 PSYoungGen      total 24064K, used 22743K [0x00000000eab00000, 0x00000000ec500000, 0x0000000100000000)
  eden space 22016K, 99% used [0x00000000eab00000,0x00000000ec07dc00,0x00000000ec080000)
  from space 2048K, 35% used [0x00000000ec100000,0x00000000ec1b8000,0x00000000ec300000)
  to   space 1536K, 0% used [0x00000000ec380000,0x00000000ec380000,0x00000000ec500000)
 ParOldGen       total 68608K, used 17810K [0x00000000c0000000, 0x00000000c4300000, 0x00000000eab00000)
  object space 68608K, 25% used [0x00000000c0000000,0x00000000c11648a0,0x00000000c4300000)
 Metaspace       used 46093K, committed 47168K, reserved 1114112K
  class space    used 4784K, committed 5312K, reserved 1048576K
}
Event: 13.007 GC heap after
{Heap after GC invocations=18 (full 2):
 PSYoungGen      total 23552K, used 1429K [0x00000000eab00000, 0x00000000ec500000, 0x0000000100000000)
  eden space 22016K, 0% used [0x00000000eab00000,0x00000000eab00000,0x00000000ec080000)
  from space 1536K, 93% used [0x00000000ec380000,0x00000000ec4e54b0,0x00000000ec500000)
  to   space 2048K, 0% used [0x00000000ec100000,0x00000000ec100000,0x00000000ec300000)
 ParOldGen       total 68608K, used 19217K [0x00000000c0000000, 0x00000000c4300000, 0x00000000eab00000)
  object space 68608K, 28% used [0x00000000c0000000,0x00000000c12c46e0,0x00000000c4300000)
 Metaspace       used 46093K, committed 47168K, reserved 1114112K
  class space    used 4784K, committed 5312K, reserved 1048576K
}
Event: 13.288 GC heap before
{Heap before GC invocations=19 (full 2):
 PSYoungGen      total 23552K, used 23445K [0x00000000eab00000, 0x00000000ec500000, 0x0000000100000000)
  eden space 22016K, 100% used [0x00000000eab00000,0x00000000ec080000,0x00000000ec080000)
  from space 1536K, 93% used [0x00000000ec380000,0x00000000ec4e54b0,0x00000000ec500000)
  to   space 2048K, 0% used [0x00000000ec100000,0x00000000ec100000,0x00000000ec300000)
 ParOldGen       total 68608K, used 19217K [0x00000000c0000000, 0x00000000c4300000, 0x00000000eab00000)
  object space 68608K, 28% used [0x00000000c0000000,0x00000000c12c46e0,0x00000000c4300000)
 Metaspace       used 47804K, committed 48896K, reserved 1114112K
  class space    used 5016K, committed 5504K, reserved 1048576K
}
Event: 13.294 GC heap after
{Heap after GC invocations=19 (full 2):
 PSYoungGen      total 23552K, used 1448K [0x00000000eab00000, 0x00000000ec400000, 0x0000000100000000)
  eden space 22016K, 0% used [0x00000000eab00000,0x00000000eab00000,0x00000000ec080000)
  from space 1536K, 94% used [0x00000000ec100000,0x00000000ec26a230,0x00000000ec280000)
  to   space 1536K, 0% used [0x00000000ec280000,0x00000000ec280000,0x00000000ec400000)
 ParOldGen       total 68608K, used 20545K [0x00000000c0000000, 0x00000000c4300000, 0x00000000eab00000)
  object space 68608K, 29% used [0x00000000c0000000,0x00000000c1410710,0x00000000c4300000)
 Metaspace       used 47804K, committed 48896K, reserved 1114112K
  class space    used 5016K, committed 5504K, reserved 1048576K
}

