# JRE version: OpenJDK Runtime Environment Temurin-17.0.13+11 (17.0.13+11) (build 17.0.13+11)
# Java VM: OpenJDK 64-Bit Server VM Temurin-17.0.13+11 (17.0.13+11, mixed mode, tiered, compressed oops, compressed class ptrs, parallel gc, windows-amd64)
GC Precious Log:
 CPUs: 4 total, 4 available
 Memory: 7971M
 Large Page Support: Disabled
 NUMA Support: Disabled
 Compressed Oops: Enabled (32-bit)
 Alignments: Space 512K, Generation 512K, Heap 2M
 Heap Min Capacity: 100M
 Heap Initial Capacity: 100M
 Heap Max Capacity: 1G
 Pre-touch: Disabled
 Parallel Workers: 4
Heap:
 PSYoungGen      total 19968K, used 17841K [0x00000000eab00000, 0x00000000ec080000, 0x0000000100000000)
  eden space 17920K, 88% used [0x00000000eab00000,0x00000000eba6d238,0x00000000ebc80000)
  from space 2048K, 99% used [0x00000000ebe80000,0x00000000ec07f338,0x00000000ec080000)
  to   space 1536K, 0% used [0x00000000ebc80000,0x00000000ebc80000,0x00000000ebe00000)
 ParOldGen       total 68608K, used 51851K [0x00000000c0000000, 0x00000000c4300000, 0x00000000eab00000)
  object space 68608K, 75% used [0x00000000c0000000,0x00000000c32a2f00,0x00000000c4300000)
 Metaspace       used 65330K, committed 66560K, reserved 1114112K
  class space    used 6837K, committed 7360K, reserved 1048576K
GC Heap History (20 events):
Event: 23.660 GC heap before
{Heap before GC invocations=34 (full 3):
 PSYoungGen      total 18944K, used 18943K [0x00000000eab00000, 0x00000000ec280000, 0x0000000100000000)
  eden space 17920K, 100% used [0x00000000eab00000,0x00000000ebc80000,0x00000000ebc80000)
  from space 1024K, 99% used [0x00000000ebf00000,0x00000000ebffff48,0x00000000ec000000)
  to   space 2560K, 0% used [0x00000000ebc80000,0x00000000ebc80000,0x00000000ebf00000)
 ParOldGen       total 68608K, used 36410K [0x00000000c0000000, 0x00000000c4300000, 0x00000000eab00000)
  object space 68608K, 53% used [0x00000000c0000000,0x00000000c238e9c0,0x00000000c4300000)
 Metaspace       used 60571K, committed 61696K, reserved 1114112K
  class space    used 6439K, committed 6912K, reserved 1048576K
}
Event: 23.663 GC heap after
{Heap after GC invocations=34 (full 3):
 PSYoungGen      total 20480K, used 2556K [0x00000000eab00000, 0x00000000ec680000, 0x0000000100000000)
  eden space 17920K, 0% used [0x00000000eab00000,0x00000000eab00000,0x00000000ebc80000)
  from space 2560K, 99% used [0x00000000ebc80000,0x00000000ebeff050,0x00000000ebf00000)
  to   space 5120K, 0% used [0x00000000ec180000,0x00000000ec180000,0x00000000ec680000)
 ParOldGen       total 68608K, used 38471K [0x00000000c0000000, 0x00000000c4300000, 0x00000000eab00000)
  object space 68608K, 56% used [0x00000000c0000000,0x00000000c2591e70,0x00000000c4300000)
 Metaspace       used 60571K, committed 61696K, reserved 1114112K
  class space    used 6439K, committed 6912K, reserved 1048576K
}
Event: 24.323 GC heap before
{Heap before GC invocations=35 (full 3):
 PSYoungGen      total 20480K, used 20460K [0x00000000eab00000, 0x00000000ec680000, 0x0000000100000000)
  eden space 17920K, 99% used [0x00000000eab00000,0x00000000ebc7c140,0x00000000ebc80000)
  from space 2560K, 99% used [0x00000000ebc80000,0x00000000ebeff050,0x00000000ebf00000)
  to   space 5120K, 0% used [0x00000000ec180000,0x00000000ec180000,0x00000000ec680000)
 ParOldGen       total 68608K, used 38471K [0x00000000c0000000, 0x00000000c4300000, 0x00000000eab00000)
  object space 68608K, 56% used [0x00000000c0000000,0x00000000c2591e70,0x00000000c4300000)
 Metaspace       used 61583K, committed 62784K, reserved 1114112K
  class space    used 6536K, committed 7040K, reserved 1048576K
}
Event: 24.327 GC heap after
{Heap after GC invocations=35 (full 3):
 PSYoungGen      total 19968K, used 1955K [0x00000000eab00000, 0x00000000ec380000, 0x0000000100000000)
  eden space 17920K, 0% used [0x00000000eab00000,0x00000000eab00000,0x00000000ebc80000)
  from space 2048K, 95% used [0x00000000ec180000,0x00000000ec368ce0,0x00000000ec380000)
  to   space 3072K, 0% used [0x00000000ebd80000,0x00000000ebd80000,0x00000000ec080000)
 ParOldGen       total 68608K, used 41012K [0x00000000c0000000, 0x00000000c4300000, 0x00000000eab00000)
  object space 68608K, 59% used [0x00000000c0000000,0x00000000c280d178,0x00000000c4300000)
 Metaspace       used 61583K, committed 62784K, reserved 1114112K
  class space    used 6536K, committed 7040K, reserved 1048576K
}
Event: 24.499 GC heap before
{Heap before GC invocations=36 (full 3):
 PSYoungGen      total 19968K, used 19717K [0x00000000eab00000, 0x00000000ec380000, 0x0000000100000000)
  eden space 17920K, 99% used [0x00000000eab00000,0x00000000ebc587f8,0x00000000ebc80000)
  from space 2048K, 95% used [0x00000000ec180000,0x00000000ec368ce0,0x00000000ec380000)
  to   space 3072K, 0% used [0x00000000ebd80000,0x00000000ebd80000,0x00000000ec080000)
 ParOldGen       total 68608K, used 41012K [0x00000000c0000000, 0x00000000c4300000, 0x00000000eab00000)
  object space 68608K, 59% used [0x00000000c0000000,0x00000000c280d178,0x00000000c4300000)
 Metaspace       used 61607K, committed 62784K, reserved 1114112K
  class space    used 6536K, committed 7040K, reserved 1048576K
}
Event: 24.501 GC heap after
{Heap after GC invocations=36 (full 3):
 PSYoungGen      total 20992K, used 950K [0x00000000eab00000, 0x00000000ec200000, 0x0000000100000000)
  eden space 17920K, 0% used [0x00000000eab00000,0x00000000eab00000,0x00000000ebc80000)
  from space 3072K, 30% used [0x00000000ebd80000,0x00000000ebe6dac0,0x00000000ec080000)
  to   space 1536K, 0% used [0x00000000ec080000,0x00000000ec080000,0x00000000ec200000)
 ParOldGen       total 68608K, used 42649K [0x00000000c0000000, 0x00000000c4300000, 0x00000000eab00000)
  object space 68608K, 62% used [0x00000000c0000000,0x00000000c29a6470,0x00000000c4300000)
 Metaspace       used 61607K, committed 62784K, reserved 1114112K
  class space    used 6536K, committed 7040K, reserved 1048576K
}
Event: 25.031 GC heap before
{Heap before GC invocations=37 (full 3):
 PSYoungGen      total 20992K, used 18870K [0x00000000eab00000, 0x00000000ec200000, 0x0000000100000000)
  eden space 17920K, 100% used [0x00000000eab00000,0x00000000ebc80000,0x00000000ebc80000)
  from space 3072K, 30% used [0x00000000ebd80000,0x00000000ebe6dac0,0x00000000ec080000)
  to   space 1536K, 0% used [0x00000000ec080000,0x00000000ec080000,0x00000000ec200000)
 ParOldGen       total 68608K, used 42649K [0x00000000c0000000, 0x00000000c4300000, 0x00000000eab00000)
  object space 68608K, 62% used [0x00000000c0000000,0x00000000c29a6470,0x00000000c4300000)
 Metaspace       used 62825K, committed 64000K, reserved 1114112K
  class space    used 6656K, committed 7168K, reserved 1048576K
}
Event: 25.035 GC heap after
{Heap after GC invocations=37 (full 3):
 PSYoungGen      total 18944K, used 684K [0x00000000eab00000, 0x00000000ec180000, 0x0000000100000000)
  eden space 17920K, 0% used [0x00000000eab00000,0x00000000eab00000,0x00000000ebc80000)
  from space 1024K, 66% used [0x00000000ec080000,0x00000000ec12b3d8,0x00000000ec180000)
  to   space 1024K, 0% used [0x00000000ebf80000,0x00000000ebf80000,0x00000000ec080000)
 ParOldGen       total 68608K, used 42704K [0x00000000c0000000, 0x00000000c4300000, 0x00000000eab00000)
  object space 68608K, 62% used [0x00000000c0000000,0x00000000c29b42e8,0x00000000c4300000)
 Metaspace       used 62825K, committed 64000K, reserved 1114112K
  class space    used 6656K, committed 7168K, reserved 1048576K
}
Event: 25.840 GC heap before
{Heap before GC invocations=38 (full 3):
 PSYoungGen      total 18944K, used 18604K [0x00000000eab00000, 0x00000000ec180000, 0x0000000100000000)
  eden space 17920K, 100% used [0x00000000eab00000,0x00000000ebc80000,0x00000000ebc80000)
  from space 1024K, 66% used [0x00000000ec080000,0x00000000ec12b3d8,0x00000000ec180000)
  to   space 1024K, 0% used [0x00000000ebf80000,0x00000000ebf80000,0x00000000ec080000)
 ParOldGen       total 68608K, used 42704K [0x00000000c0000000, 0x00000000c4300000, 0x00000000eab00000)
  object space 68608K, 62% used [0x00000000c0000000,0x00000000c29b42e8,0x00000000c4300000)
 Metaspace       used 63369K, committed 64512K, reserved 1114112K
  class space    used 6696K, committed 7168K, reserved 1048576K
}
Event: 25.843 GC heap after
{Heap after GC invocations=38 (full 3):
 PSYoungGen      total 18944K, used 1024K [0x00000000eab00000, 0x00000000ec180000, 0x0000000100000000)
  eden space 17920K, 0% used [0x00000000eab00000,0x00000000eab00000,0x00000000ebc80000)
  from space 1024K, 100% used [0x00000000ebf80000,0x00000000ec080000,0x00000000ec080000)
  to   space 1024K, 0% used [0x00000000ec080000,0x00000000ec080000,0x00000000ec180000)
 ParOldGen       total 68608K, used 43794K [0x00000000c0000000, 0x00000000c4300000, 0x00000000eab00000)
  object space 68608K, 63% used [0x00000000c0000000,0x00000000c2ac4820,0x00000000c4300000)
 Metaspace       used 63369K, committed 64512K, reserved 1114112K
  class space    used 6696K, committed 7168K, reserved 1048576K
}
Event: 26.210 GC heap before
{Heap before GC invocations=39 (full 3):
 PSYoungGen      total 18944K, used 18944K [0x00000000eab00000, 0x00000000ec180000, 0x0000000100000000)
  eden space 17920K, 100% used [0x00000000eab00000,0x00000000ebc80000,0x00000000ebc80000)
  from space 1024K, 100% used [0x00000000ebf80000,0x00000000ec080000,0x00000000ec080000)
  to   space 1024K, 0% used [0x00000000ec080000,0x00000000ec080000,0x00000000ec180000)
 ParOldGen       total 68608K, used 43794K [0x00000000c0000000, 0x00000000c4300000, 0x00000000eab00000)
  object space 68608K, 63% used [0x00000000c0000000,0x00000000c2ac4820,0x00000000c4300000)
 Metaspace       used 63813K, committed 64960K, reserved 1114112K
  class space    used 6735K, committed 7232K, reserved 1048576K
}
Event: 26.213 GC heap after
{Heap after GC invocations=39 (full 3):
 PSYoungGen      total 18944K, used 1021K [0x00000000eab00000, 0x00000000ec280000, 0x0000000100000000)
  eden space 17920K, 0% used [0x00000000eab00000,0x00000000eab00000,0x00000000ebc80000)
  from space 1024K, 99% used [0x00000000ec080000,0x00000000ec17f750,0x00000000ec180000)
  to   space 3072K, 0% used [0x00000000ebc80000,0x00000000ebc80000,0x00000000ebf80000)
 ParOldGen       total 68608K, used 45462K [0x00000000c0000000, 0x00000000c4300000, 0x00000000eab00000)
  object space 68608K, 66% used [0x00000000c0000000,0x00000000c2c658e8,0x00000000c4300000)
 Metaspace       used 63813K, committed 64960K, reserved 1114112K
  class space    used 6735K, committed 7232K, reserved 1048576K
}
Event: 27.590 GC heap before
{Heap before GC invocations=40 (full 3):
 PSYoungGen      total 18944K, used 18941K [0x00000000eab00000, 0x00000000ec280000, 0x0000000100000000)
  eden space 17920K, 100% used [0x00000000eab00000,0x00000000ebc80000,0x00000000ebc80000)
  from space 1024K, 99% used [0x00000000ec080000,0x00000000ec17f750,0x00000000ec180000)
  to   space 3072K, 0% used [0x00000000ebc80000,0x00000000ebc80000,0x00000000ebf80000)
 ParOldGen       total 68608K, used 45462K [0x00000000c0000000, 0x00000000c4300000, 0x00000000eab00000)
  object space 68608K, 66% used [0x00000000c0000000,0x00000000c2c658e8,0x00000000c4300000)
 Metaspace       used 64572K, committed 65728K, reserved 1114112K
  class space    used 6796K, committed 7296K, reserved 1048576K
}
Event: 27.597 GC heap after
{Heap after GC invocations=40 (full 3):
 PSYoungGen      total 20480K, used 2431K [0x00000000eab00000, 0x00000000ec180000, 0x0000000100000000)
  eden space 17920K, 0% used [0x00000000eab00000,0x00000000eab00000,0x00000000ebc80000)
  from space 2560K, 94% used [0x00000000ebc80000,0x00000000ebedff60,0x00000000ebf00000)
  to   space 2560K, 0% used [0x00000000ebf00000,0x00000000ebf00000,0x00000000ec180000)
 ParOldGen       total 68608K, used 46456K [0x00000000c0000000, 0x00000000c4300000, 0x00000000eab00000)
  object space 68608K, 67% used [0x00000000c0000000,0x00000000c2d5e3c0,0x00000000c4300000)
 Metaspace       used 64572K, committed 65728K, reserved 1114112K
  class space    used 6796K, committed 7296K, reserved 1048576K
}
Event: 28.270 GC heap before
{Heap before GC invocations=41 (full 3):
 PSYoungGen      total 20480K, used 20351K [0x00000000eab00000, 0x00000000ec180000, 0x0000000100000000)
  eden space 17920K, 100% used [0x00000000eab00000,0x00000000ebc80000,0x00000000ebc80000)
  from space 2560K, 94% used [0x00000000ebc80000,0x00000000ebedff60,0x00000000ebf00000)
  to   space 2560K, 0% used [0x00000000ebf00000,0x00000000ebf00000,0x00000000ec180000)
 ParOldGen       total 68608K, used 46456K [0x00000000c0000000, 0x00000000c4300000, 0x00000000eab00000)
  object space 68608K, 67% used [0x00000000c0000000,0x00000000c2d5e3c0,0x00000000c4300000)
 Metaspace       used 64692K, committed 65856K, reserved 1114112K
  class space    used 6797K, committed 7296K, reserved 1048576K
}
Event: 28.275 GC heap after
{Heap after GC invocations=41 (full 3):
 PSYoungGen      total 20480K, used 2095K [0x00000000eab00000, 0x00000000ec180000, 0x0000000100000000)
  eden space 17920K, 0% used [0x00000000eab00000,0x00000000eab00000,0x00000000ebc80000)
  from space 2560K, 81% used [0x00000000ebf00000,0x00000000ec10bdd8,0x00000000ec180000)
  to   space 2560K, 0% used [0x00000000ebc80000,0x00000000ebc80000,0x00000000ebf00000)
 ParOldGen       total 68608K, used 48757K [0x00000000c0000000, 0x00000000c4300000, 0x00000000eab00000)
  object space 68608K, 71% used [0x00000000c0000000,0x00000000c2f9d4f8,0x00000000c4300000)
 Metaspace       used 64692K, committed 65856K, reserved 1114112K
  class space    used 6797K, committed 7296K, reserved 1048576K
}
Event: 28.968 GC heap before
{Heap before GC invocations=42 (full 3):
 PSYoungGen      total 20480K, used 20015K [0x00000000eab00000, 0x00000000ec180000, 0x0000000100000000)
  eden space 17920K, 100% used [0x00000000eab00000,0x00000000ebc80000,0x00000000ebc80000)
  from space 2560K, 81% used [0x00000000ebf00000,0x00000000ec10bdd8,0x00000000ec180000)
  to   space 2560K, 0% used [0x00000000ebc80000,0x00000000ebc80000,0x00000000ebf00000)
 ParOldGen       total 68608K, used 48757K [0x00000000c0000000, 0x00000000c4300000, 0x00000000eab00000)
  object space 68608K, 71% used [0x00000000c0000000,0x00000000c2f9d4f8,0x00000000c4300000)
 Metaspace       used 64885K, committed 66048K, reserved 1114112K
  class space    used 6798K, committed 7296K, reserved 1048576K
}
Event: 28.970 GC heap after
{Heap after GC invocations=42 (full 3):
 PSYoungGen      total 19456K, used 1344K [0x00000000eab00000, 0x00000000ec080000, 0x0000000100000000)
  eden space 17920K, 0% used [0x00000000eab00000,0x00000000eab00000,0x00000000ebc80000)
  from space 1536K, 87% used [0x00000000ebc80000,0x00000000ebdd0000,0x00000000ebe00000)
  to   space 2048K, 0% used [0x00000000ebe80000,0x00000000ebe80000,0x00000000ec080000)
 ParOldGen       total 68608K, used 50677K [0x00000000c0000000, 0x00000000c4300000, 0x00000000eab00000)
  object space 68608K, 73% used [0x00000000c0000000,0x00000000c317d4c0,0x00000000c4300000)
 Metaspace       used 64885K, committed 66048K, reserved 1114112K
  class space    used 6798K, committed 7296K, reserved 1048576K
}
Event: 29.265 GC heap before
{Heap before GC invocations=43 (full 3):
 PSYoungGen      total 19456K, used 19264K [0x00000000eab00000, 0x00000000ec080000, 0x0000000100000000)
  eden space 17920K, 100% used [0x00000000eab00000,0x00000000ebc80000,0x00000000ebc80000)
  from space 1536K, 87% used [0x00000000ebc80000,0x00000000ebdd0000,0x00000000ebe00000)
  to   space 2048K, 0% used [0x00000000ebe80000,0x00000000ebe80000,0x00000000ec080000)
 ParOldGen       total 68608K, used 50677K [0x00000000c0000000, 0x00000000c4300000, 0x00000000eab00000)
  object space 68608K, 73% used [0x00000000c0000000,0x00000000c317d4c0,0x00000000c4300000)
 Metaspace       used 65220K, committed 66496K, reserved 1114112K
  class space    used 6837K, committed 7360K, reserved 1048576K
}
Event: 29.269 GC heap after
{Heap after GC invocations=43 (full 3):
 PSYoungGen      total 19968K, used 2044K [0x00000000eab00000, 0x00000000ec080000, 0x0000000100000000)
  eden space 17920K, 0% used [0x00000000eab00000,0x00000000eab00000,0x00000000ebc80000)
  from space 2048K, 99% used [0x00000000ebe80000,0x00000000ec07f338,0x00000000ec080000)
  to   space 1536K, 0% used [0x00000000ebc80000,0x00000000ebc80000,0x00000000ebe00000)
 ParOldGen       total 68608K, used 51851K [0x00000000c0000000, 0x00000000c4300000, 0x00000000eab00000)
  object space 68608K, 75% used [0x00000000c0000000,0x00000000c32a2f00,0x00000000c4300000)
 Metaspace       used 65220K, committed 66496K, reserved 1114112K
  class space    used 6837K, committed 7360K, reserved 1048576K
}

